{
  "/Users/Arno/repos/epub.js/src/container.js": {
    "path": "/Users/Arno/repos/epub.js/src/container.js",
    "statementMap": {
      "0": {
        "start": { "line": 11, "column": 4 },
        "end": { "line": 11, "column": 26 }
      },
      "1": {
        "start": { "line": 12, "column": 4 },
        "end": { "line": 12, "column": 24 }
      },
      "2": {
        "start": { "line": 13, "column": 4 },
        "end": { "line": 13, "column": 23 }
      },
      "3": {
        "start": { "line": 15, "column": 4 },
        "end": { "line": 17, "column": 5 }
      },
      "4": {
        "start": { "line": 16, "column": 6 },
        "end": { "line": 16, "column": 36 }
      },
      "5": {
        "start": { "line": 28, "column": 4 },
        "end": { "line": 30, "column": 5 }
      },
      "6": {
        "start": { "line": 29, "column": 6 },
        "end": { "line": 29, "column": 50 }
      },
      "7": {
        "start": { "line": 32, "column": 4 },
        "end": { "line": 32, "column": 49 }
      },
      "8": {
        "start": { "line": 34, "column": 4 },
        "end": { "line": 36, "column": 5 }
      },
      "9": {
        "start": { "line": 35, "column": 6 },
        "end": { "line": 35, "column": 43 }
      },
      "10": {
        "start": { "line": 38, "column": 4 },
        "end": { "line": 38, "column": 58 }
      },
      "11": {
        "start": { "line": 39, "column": 4 },
        "end": { "line": 39, "column": 52 }
      },
      "12": {
        "start": { "line": 40, "column": 4 },
        "end": { "line": 40, "column": 50 }
      },
      "13": {
        "start": { "line": 44, "column": 4 },
        "end": { "line": 44, "column": 33 }
      },
      "14": {
        "start": { "line": 45, "column": 4 },
        "end": { "line": 45, "column": 31 }
      },
      "15": {
        "start": { "line": 46, "column": 4 },
        "end": { "line": 46, "column": 30 }
      }
    },
    "fnMap": {
      "0": {
        "name": "(anonymous_0)",
        "decl": {
          "start": { "line": 10, "column": 2 },
          "end": { "line": 10, "column": 3 }
        },
        "loc": {
          "start": { "line": 10, "column": 33 },
          "end": { "line": 18, "column": 3 }
        },
        "line": 10
      },
      "1": {
        "name": "(anonymous_1)",
        "decl": {
          "start": { "line": 24, "column": 2 },
          "end": { "line": 24, "column": 3 }
        },
        "loc": {
          "start": { "line": 24, "column": 27 },
          "end": { "line": 41, "column": 3 }
        },
        "line": 24
      },
      "2": {
        "name": "(anonymous_2)",
        "decl": {
          "start": { "line": 43, "column": 2 },
          "end": { "line": 43, "column": 3 }
        },
        "loc": {
          "start": { "line": 43, "column": 12 },
          "end": { "line": 47, "column": 3 }
        },
        "line": 43
      }
    },
    "branchMap": {
      "0": {
        "loc": {
          "start": { "line": 15, "column": 4 },
          "end": { "line": 17, "column": 5 }
        },
        "type": "if",
        "locations": [
          {
            "start": { "line": 15, "column": 4 },
            "end": { "line": 17, "column": 5 }
          },
          { "start": {}, "end": {} }
        ],
        "line": 15
      },
      "1": {
        "loc": {
          "start": { "line": 28, "column": 4 },
          "end": { "line": 30, "column": 5 }
        },
        "type": "if",
        "locations": [
          {
            "start": { "line": 28, "column": 4 },
            "end": { "line": 30, "column": 5 }
          },
          { "start": {}, "end": {} }
        ],
        "line": 28
      },
      "2": {
        "loc": {
          "start": { "line": 34, "column": 4 },
          "end": { "line": 36, "column": 5 }
        },
        "type": "if",
        "locations": [
          {
            "start": { "line": 34, "column": 4 },
            "end": { "line": 36, "column": 5 }
          },
          { "start": {}, "end": {} }
        ],
        "line": 34
      }
    },
    "s": {
      "0": 1,
      "1": 1,
      "2": 1,
      "3": 1,
      "4": 1,
      "5": 1,
      "6": 0,
      "7": 1,
      "8": 1,
      "9": 0,
      "10": 1,
      "11": 1,
      "12": 1,
      "13": 0,
      "14": 0,
      "15": 0
    },
    "f": { "0": 1, "1": 1, "2": 0 },
    "b": { "0": [1, 0], "1": [0, 1], "2": [0, 1] },
    "_coverageSchema": "1a1c01bbd47fc00a2c39e90264f33305004495a9",
    "hash": "a8a58a6e8c897038c156d0baa7b9a483414784c5"
  },
  "/Users/Arno/repos/epub.js/src/resources.js": {
    "path": "/Users/Arno/repos/epub.js/src/resources.js",
    "statementMap": {
      "0": {
        "start": { "line": 19, "column": 4 },
        "end": { "line": 24, "column": 6 }
      },
      "1": {
        "start": { "line": 26, "column": 4 },
        "end": { "line": 26, "column": 27 }
      },
      "2": {
        "start": { "line": 34, "column": 4 },
        "end": { "line": 34, "column": 29 }
      },
      "3": {
        "start": { "line": 35, "column": 4 },
        "end": { "line": 37, "column": 7 }
      },
      "4": {
        "start": { "line": 36, "column": 6 },
        "end": { "line": 36, "column": 27 }
      },
      "5": {
        "start": { "line": 39, "column": 4 },
        "end": { "line": 39, "column": 30 }
      },
      "6": {
        "start": { "line": 41, "column": 4 },
        "end": { "line": 41, "column": 19 }
      },
      "7": {
        "start": { "line": 42, "column": 4 },
        "end": { "line": 42, "column": 21 }
      },
      "8": {
        "start": { "line": 43, "column": 4 },
        "end": { "line": 43, "column": 18 }
      },
      "9": {
        "start": { "line": 45, "column": 4 },
        "end": { "line": 45, "column": 19 }
      },
      "10": {
        "start": { "line": 46, "column": 4 },
        "end": { "line": 46, "column": 22 }
      },
      "11": {
        "start": { "line": 48, "column": 4 },
        "end": { "line": 48, "column": 17 }
      },
      "12": {
        "start": { "line": 49, "column": 4 },
        "end": { "line": 49, "column": 21 }
      },
      "13": {
        "start": { "line": 58, "column": 4 },
        "end": { "line": 62, "column": 7 }
      },
      "14": {
        "start": { "line": 59, "column": 6 },
        "end": { "line": 61, "column": 7 }
      },
      "15": {
        "start": { "line": 60, "column": 8 },
        "end": { "line": 60, "column": 20 }
      },
      "16": {
        "start": { "line": 65, "column": 4 },
        "end": { "line": 69, "column": 7 }
      },
      "17": {
        "start": { "line": 66, "column": 6 },
        "end": { "line": 68, "column": 7 }
      },
      "18": {
        "start": { "line": 67, "column": 8 },
        "end": { "line": 67, "column": 20 }
      },
      "19": {
        "start": { "line": 72, "column": 4 },
        "end": { "line": 76, "column": 7 }
      },
      "20": {
        "start": { "line": 73, "column": 6 },
        "end": { "line": 75, "column": 7 }
      },
      "21": {
        "start": { "line": 74, "column": 8 },
        "end": { "line": 74, "column": 20 }
      },
      "22": {
        "start": { "line": 85, "column": 4 },
        "end": { "line": 89, "column": 6 }
      },
      "23": {
        "start": { "line": 87, "column": 8 },
        "end": { "line": 87, "column": 25 }
      },
      "24": {
        "start": { "line": 92, "column": 4 },
        "end": { "line": 94, "column": 7 }
      },
      "25": {
        "start": { "line": 93, "column": 6 },
        "end": { "line": 93, "column": 23 }
      },
      "26": {
        "start": { "line": 103, "column": 20 },
        "end": { "line": 103, "column": 32 }
      },
      "27": {
        "start": { "line": 104, "column": 19 },
        "end": { "line": 104, "column": 50 }
      },
      "28": {
        "start": { "line": 106, "column": 4 },
        "end": { "line": 125, "column": 5 }
      },
      "29": {
        "start": { "line": 107, "column": 6 },
        "end": { "line": 109, "column": 9 }
      },
      "30": {
        "start": { "line": 111, "column": 6 },
        "end": { "line": 124, "column": 7 }
      },
      "31": {
        "start": { "line": 112, "column": 8 },
        "end": { "line": 119, "column": 13 }
      },
      "32": {
        "start": { "line": 115, "column": 12 },
        "end": { "line": 115, "column": 37 }
      },
      "33": {
        "start": { "line": 118, "column": 12 },
        "end": { "line": 118, "column": 51 }
      },
      "34": {
        "start": { "line": 121, "column": 8 },
        "end": { "line": 123, "column": 11 }
      },
      "35": {
        "start": { "line": 122, "column": 10 },
        "end": { "line": 122, "column": 47 }
      },
      "36": {
        "start": { "line": 133, "column": 4 },
        "end": { "line": 139, "column": 5 }
      },
      "37": {
        "start": { "line": 134, "column": 6 },
        "end": { "line": 138, "column": 8 }
      },
      "38": {
        "start": { "line": 136, "column": 10 },
        "end": { "line": 136, "column": 29 }
      },
      "39": {
        "start": { "line": 141, "column": 23 },
        "end": { "line": 148, "column": 6 }
      },
      "40": {
        "start": { "line": 142, "column": 21 },
        "end": { "line": 142, "column": 48 }
      },
      "41": {
        "start": { "line": 144, "column": 6 },
        "end": { "line": 147, "column": 9 }
      },
      "42": {
        "start": { "line": 145, "column": 8 },
        "end": { "line": 145, "column": 27 }
      },
      "43": {
        "start": { "line": 146, "column": 8 },
        "end": { "line": 146, "column": 20 }
      },
      "44": {
        "start": { "line": 150, "column": 4 },
        "end": { "line": 155, "column": 7 }
      },
      "45": {
        "start": { "line": 151, "column": 6 },
        "end": { "line": 153, "column": 9 }
      },
      "46": {
        "start": { "line": 152, "column": 8 },
        "end": { "line": 152, "column": 39 }
      },
      "47": {
        "start": { "line": 154, "column": 6 },
        "end": { "line": 154, "column": 29 }
      },
      "48": {
        "start": { "line": 166, "column": 19 },
        "end": { "line": 166, "column": 21 }
      },
      "49": {
        "start": { "line": 167, "column": 4 },
        "end": { "line": 167, "column": 47 }
      },
      "50": {
        "start": { "line": 168, "column": 4 },
        "end": { "line": 168, "column": 50 }
      },
      "51": {
        "start": { "line": 169, "column": 4 },
        "end": { "line": 183, "column": 6 }
      },
      "52": {
        "start": { "line": 171, "column": 26 },
        "end": { "line": 179, "column": 9 }
      },
      "53": {
        "start": { "line": 174, "column": 30 },
        "end": { "line": 174, "column": 53 }
      },
      "54": {
        "start": { "line": 175, "column": 12 },
        "end": { "line": 177, "column": 13 }
      },
      "55": {
        "start": { "line": 176, "column": 14 },
        "end": { "line": 176, "column": 65 }
      },
      "56": {
        "start": { "line": 181, "column": 8 },
        "end": { "line": 181, "column": 35 }
      },
      "57": {
        "start": { "line": 184, "column": 4 },
        "end": { "line": 184, "column": 33 }
      },
      "58": {
        "start": { "line": 196, "column": 4 },
        "end": { "line": 200, "column": 5 }
      },
      "59": {
        "start": { "line": 197, "column": 6 },
        "end": { "line": 199, "column": 9 }
      },
      "60": {
        "start": { "line": 198, "column": 8 },
        "end": { "line": 198, "column": 18 }
      },
      "61": {
        "start": { "line": 202, "column": 19 },
        "end": { "line": 202, "column": 47 }
      },
      "62": {
        "start": { "line": 207, "column": 4 },
        "end": { "line": 211, "column": 5 }
      },
      "63": {
        "start": { "line": 208, "column": 6 },
        "end": { "line": 208, "column": 61 }
      },
      "64": {
        "start": { "line": 210, "column": 6 },
        "end": { "line": 210, "column": 61 }
      },
      "65": {
        "start": { "line": 214, "column": 18 },
        "end": { "line": 219, "column": 6 }
      },
      "66": {
        "start": { "line": 215, "column": 21 },
        "end": { "line": 215, "column": 54 }
      },
      "67": {
        "start": { "line": 216, "column": 21 },
        "end": { "line": 216, "column": 58 }
      },
      "68": {
        "start": { "line": 218, "column": 6 },
        "end": { "line": 218, "column": 22 }
      },
      "69": {
        "start": { "line": 221, "column": 4 },
        "end": { "line": 226, "column": 5 }
      },
      "70": {
        "start": { "line": 223, "column": 6 },
        "end": { "line": 225, "column": 9 }
      },
      "71": {
        "start": { "line": 224, "column": 8 },
        "end": { "line": 224, "column": 18 }
      },
      "72": {
        "start": { "line": 228, "column": 4 },
        "end": { "line": 248, "column": 6 }
      },
      "73": {
        "start": { "line": 231, "column": 8 },
        "end": { "line": 231, "column": 63 }
      },
      "74": {
        "start": { "line": 234, "column": 8 },
        "end": { "line": 238, "column": 9 }
      },
      "75": {
        "start": { "line": 235, "column": 10 },
        "end": { "line": 235, "column": 53 }
      },
      "76": {
        "start": { "line": 237, "column": 10 },
        "end": { "line": 237, "column": 51 }
      },
      "77": {
        "start": { "line": 240, "column": 8 },
        "end": { "line": 240, "column": 22 }
      },
      "78": {
        "start": { "line": 244, "column": 8 },
        "end": { "line": 246, "column": 11 }
      },
      "79": {
        "start": { "line": 245, "column": 10 },
        "end": { "line": 245, "column": 20 }
      },
      "80": {
        "start": { "line": 258, "column": 4 },
        "end": { "line": 258, "column": 50 }
      },
      "81": {
        "start": { "line": 261, "column": 4 },
        "end": { "line": 267, "column": 6 }
      },
      "82": {
        "start": { "line": 263, "column": 23 },
        "end": { "line": 263, "column": 37 }
      },
      "83": {
        "start": { "line": 264, "column": 23 },
        "end": { "line": 264, "column": 60 }
      },
      "84": {
        "start": { "line": 265, "column": 8 },
        "end": { "line": 265, "column": 24 }
      },
      "85": {
        "start": { "line": 276, "column": 22 },
        "end": { "line": 276, "column": 45 }
      },
      "86": {
        "start": { "line": 277, "column": 4 },
        "end": { "line": 279, "column": 5 }
      },
      "87": {
        "start": { "line": 278, "column": 6 },
        "end": { "line": 278, "column": 13 }
      },
      "88": {
        "start": { "line": 280, "column": 4 },
        "end": { "line": 288, "column": 5 }
      },
      "89": {
        "start": { "line": 281, "column": 6 },
        "end": { "line": 285, "column": 8 }
      },
      "90": {
        "start": { "line": 283, "column": 10 },
        "end": { "line": 283, "column": 53 }
      },
      "91": {
        "start": { "line": 287, "column": 6 },
        "end": { "line": 287, "column": 34 }
      },
      "92": {
        "start": { "line": 300, "column": 4 },
        "end": { "line": 304, "column": 5 }
      },
      "93": {
        "start": { "line": 301, "column": 6 },
        "end": { "line": 301, "column": 37 }
      },
      "94": {
        "start": { "line": 303, "column": 6 },
        "end": { "line": 303, "column": 26 }
      },
      "95": {
        "start": { "line": 305, "column": 4 },
        "end": { "line": 305, "column": 62 }
      },
      "96": {
        "start": { "line": 309, "column": 4 },
        "end": { "line": 309, "column": 30 }
      },
      "97": {
        "start": { "line": 310, "column": 4 },
        "end": { "line": 310, "column": 30 }
      },
      "98": {
        "start": { "line": 311, "column": 4 },
        "end": { "line": 311, "column": 31 }
      },
      "99": {
        "start": { "line": 312, "column": 4 },
        "end": { "line": 312, "column": 37 }
      },
      "100": {
        "start": { "line": 313, "column": 4 },
        "end": { "line": 313, "column": 26 }
      },
      "101": {
        "start": { "line": 314, "column": 4 },
        "end": { "line": 314, "column": 28 }
      },
      "102": {
        "start": { "line": 315, "column": 4 },
        "end": { "line": 315, "column": 25 }
      },
      "103": {
        "start": { "line": 317, "column": 4 },
        "end": { "line": 317, "column": 26 }
      },
      "104": {
        "start": { "line": 318, "column": 4 },
        "end": { "line": 318, "column": 29 }
      }
    },
    "fnMap": {
      "0": {
        "name": "(anonymous_0)",
        "decl": {
          "start": { "line": 18, "column": 2 },
          "end": { "line": 18, "column": 3 }
        },
        "loc": {
          "start": { "line": 18, "column": 33 },
          "end": { "line": 27, "column": 3 }
        },
        "line": 18
      },
      "1": {
        "name": "(anonymous_1)",
        "decl": {
          "start": { "line": 33, "column": 2 },
          "end": { "line": 33, "column": 3 }
        },
        "loc": {
          "start": { "line": 33, "column": 20 },
          "end": { "line": 50, "column": 3 }
        },
        "line": 33
      },
      "2": {
        "name": "(anonymous_2)",
        "decl": {
          "start": { "line": 35, "column": 47 },
          "end": { "line": 35, "column": 48 }
        },
        "loc": {
          "start": { "line": 35, "column": 62 },
          "end": { "line": 37, "column": 5 }
        },
        "line": 35
      },
      "3": {
        "name": "(anonymous_3)",
        "decl": {
          "start": { "line": 56, "column": 2 },
          "end": { "line": 56, "column": 3 }
        },
        "loc": {
          "start": { "line": 56, "column": 10 },
          "end": { "line": 77, "column": 3 }
        },
        "line": 56
      },
      "4": {
        "name": "(anonymous_4)",
        "decl": {
          "start": { "line": 58, "column": 38 },
          "end": { "line": 58, "column": 39 }
        },
        "loc": {
          "start": { "line": 58, "column": 54 },
          "end": { "line": 62, "column": 5 }
        },
        "line": 58
      },
      "5": {
        "name": "(anonymous_5)",
        "decl": {
          "start": { "line": 65, "column": 40 },
          "end": { "line": 65, "column": 41 }
        },
        "loc": {
          "start": { "line": 65, "column": 56 },
          "end": { "line": 69, "column": 5 }
        },
        "line": 65
      },
      "6": {
        "name": "(anonymous_6)",
        "decl": {
          "start": { "line": 72, "column": 37 },
          "end": { "line": 72, "column": 38 }
        },
        "loc": {
          "start": { "line": 72, "column": 53 },
          "end": { "line": 76, "column": 5 }
        },
        "line": 72
      },
      "7": {
        "name": "(anonymous_7)",
        "decl": {
          "start": { "line": 83, "column": 2 },
          "end": { "line": 83, "column": 3 }
        },
        "loc": {
          "start": { "line": 83, "column": 14 },
          "end": { "line": 95, "column": 3 }
        },
        "line": 83
      },
      "8": {
        "name": "(anonymous_8)",
        "decl": {
          "start": { "line": 86, "column": 6 },
          "end": { "line": 86, "column": 7 }
        },
        "loc": {
          "start": { "line": 86, "column": 22 },
          "end": { "line": 88, "column": 7 }
        },
        "line": 86
      },
      "9": {
        "name": "(anonymous_9)",
        "decl": {
          "start": { "line": 92, "column": 32 },
          "end": { "line": 92, "column": 33 }
        },
        "loc": {
          "start": { "line": 92, "column": 48 },
          "end": { "line": 94, "column": 5 }
        },
        "line": 92
      },
      "10": {
        "name": "(anonymous_10)",
        "decl": {
          "start": { "line": 102, "column": 2 },
          "end": { "line": 102, "column": 3 }
        },
        "loc": {
          "start": { "line": 102, "column": 17 },
          "end": { "line": 126, "column": 3 }
        },
        "line": 102
      },
      "11": {
        "name": "(anonymous_11)",
        "decl": {
          "start": { "line": 114, "column": 16 },
          "end": { "line": 114, "column": 17 }
        },
        "loc": {
          "start": { "line": 114, "column": 26 },
          "end": { "line": 116, "column": 11 }
        },
        "line": 114
      },
      "12": {
        "name": "(anonymous_12)",
        "decl": {
          "start": { "line": 117, "column": 16 },
          "end": { "line": 117, "column": 17 }
        },
        "loc": {
          "start": { "line": 117, "column": 26 },
          "end": { "line": 119, "column": 11 }
        },
        "line": 117
      },
      "13": {
        "name": "(anonymous_13)",
        "decl": {
          "start": { "line": 121, "column": 55 },
          "end": { "line": 121, "column": 56 }
        },
        "loc": {
          "start": { "line": 121, "column": 65 },
          "end": { "line": 123, "column": 9 }
        },
        "line": 121
      },
      "14": {
        "name": "(anonymous_14)",
        "decl": {
          "start": { "line": 132, "column": 2 },
          "end": { "line": 132, "column": 3 }
        },
        "loc": {
          "start": { "line": 132, "column": 17 },
          "end": { "line": 156, "column": 3 }
        },
        "line": 132
      },
      "15": {
        "name": "(anonymous_15)",
        "decl": {
          "start": { "line": 135, "column": 8 },
          "end": { "line": 135, "column": 9 }
        },
        "loc": {
          "start": { "line": 135, "column": 27 },
          "end": { "line": 137, "column": 9 }
        },
        "line": 135
      },
      "16": {
        "name": "(anonymous_16)",
        "decl": {
          "start": { "line": 141, "column": 37 },
          "end": { "line": 141, "column": 38 }
        },
        "loc": {
          "start": { "line": 141, "column": 46 },
          "end": { "line": 148, "column": 5 }
        },
        "line": 141
      },
      "17": {
        "name": "(anonymous_17)",
        "decl": {
          "start": { "line": 144, "column": 44 },
          "end": { "line": 144, "column": 45 }
        },
        "loc": {
          "start": { "line": 144, "column": 53 },
          "end": { "line": 147, "column": 7 }
        },
        "line": 144
      },
      "18": {
        "name": "(anonymous_18)",
        "decl": {
          "start": { "line": 150, "column": 42 },
          "end": { "line": 150, "column": 43 }
        },
        "loc": {
          "start": { "line": 150, "column": 63 },
          "end": { "line": 155, "column": 5 }
        },
        "line": 150
      },
      "19": {
        "name": "(anonymous_19)",
        "decl": {
          "start": { "line": 151, "column": 52 },
          "end": { "line": 151, "column": 53 }
        },
        "loc": {
          "start": { "line": 151, "column": 61 },
          "end": { "line": 153, "column": 7 }
        },
        "line": 151
      },
      "20": {
        "name": "(anonymous_20)",
        "decl": {
          "start": { "line": 165, "column": 2 },
          "end": { "line": 165, "column": 3 }
        },
        "loc": {
          "start": { "line": 165, "column": 32 },
          "end": { "line": 185, "column": 3 }
        },
        "line": 165
      },
      "21": {
        "name": "(anonymous_21)",
        "decl": {
          "start": { "line": 170, "column": 6 },
          "end": { "line": 170, "column": 7 }
        },
        "loc": {
          "start": { "line": 170, "column": 22 },
          "end": { "line": 182, "column": 7 }
        },
        "line": 170
      },
      "22": {
        "name": "(anonymous_22)",
        "decl": {
          "start": { "line": 172, "column": 10 },
          "end": { "line": 172, "column": 11 }
        },
        "loc": {
          "start": { "line": 172, "column": 36 },
          "end": { "line": 178, "column": 11 }
        },
        "line": 172
      },
      "23": {
        "name": "(anonymous_23)",
        "decl": {
          "start": { "line": 193, "column": 2 },
          "end": { "line": 193, "column": 3 }
        },
        "loc": {
          "start": { "line": 193, "column": 22 },
          "end": { "line": 249, "column": 3 }
        },
        "line": 193
      },
      "24": {
        "name": "(anonymous_24)",
        "decl": {
          "start": { "line": 197, "column": 25 },
          "end": { "line": 197, "column": 26 }
        },
        "loc": {
          "start": { "line": 197, "column": 44 },
          "end": { "line": 199, "column": 7 }
        },
        "line": 197
      },
      "25": {
        "name": "(anonymous_25)",
        "decl": {
          "start": { "line": 214, "column": 32 },
          "end": { "line": 214, "column": 33 }
        },
        "loc": {
          "start": { "line": 214, "column": 47 },
          "end": { "line": 219, "column": 5 }
        },
        "line": 214
      },
      "26": {
        "name": "(anonymous_26)",
        "decl": {
          "start": { "line": 223, "column": 25 },
          "end": { "line": 223, "column": 26 }
        },
        "loc": {
          "start": { "line": 223, "column": 44 },
          "end": { "line": 225, "column": 7 }
        },
        "line": 223
      },
      "27": {
        "name": "(anonymous_27)",
        "decl": {
          "start": { "line": 229, "column": 6 },
          "end": { "line": 229, "column": 7 }
        },
        "loc": {
          "start": { "line": 229, "column": 16 },
          "end": { "line": 241, "column": 7 }
        },
        "line": 229
      },
      "28": {
        "name": "(anonymous_28)",
        "decl": {
          "start": { "line": 242, "column": 6 },
          "end": { "line": 242, "column": 7 }
        },
        "loc": {
          "start": { "line": 242, "column": 12 },
          "end": { "line": 247, "column": 7 }
        },
        "line": 242
      },
      "29": {
        "name": "(anonymous_29)",
        "decl": {
          "start": { "line": 244, "column": 27 },
          "end": { "line": 244, "column": 28 }
        },
        "loc": {
          "start": { "line": 244, "column": 46 },
          "end": { "line": 246, "column": 9 }
        },
        "line": 244
      },
      "30": {
        "name": "(anonymous_30)",
        "decl": {
          "start": { "line": 257, "column": 2 },
          "end": { "line": 257, "column": 3 }
        },
        "loc": {
          "start": { "line": 257, "column": 33 },
          "end": { "line": 268, "column": 3 }
        },
        "line": 257
      },
      "31": {
        "name": "(anonymous_31)",
        "decl": {
          "start": { "line": 262, "column": 6 },
          "end": { "line": 262, "column": 7 }
        },
        "loc": {
          "start": { "line": 262, "column": 22 },
          "end": { "line": 266, "column": 7 }
        },
        "line": 262
      },
      "32": {
        "name": "(anonymous_32)",
        "decl": {
          "start": { "line": 275, "column": 2 },
          "end": { "line": 275, "column": 3 }
        },
        "loc": {
          "start": { "line": 275, "column": 12 },
          "end": { "line": 289, "column": 3 }
        },
        "line": 275
      },
      "33": {
        "name": "(anonymous_33)",
        "decl": {
          "start": { "line": 282, "column": 8 },
          "end": { "line": 282, "column": 9 }
        },
        "loc": {
          "start": { "line": 282, "column": 27 },
          "end": { "line": 284, "column": 9 }
        },
        "line": 282
      },
      "34": {
        "name": "(anonymous_34)",
        "decl": {
          "start": { "line": 298, "column": 2 },
          "end": { "line": 298, "column": 3 }
        },
        "loc": {
          "start": { "line": 298, "column": 27 },
          "end": { "line": 306, "column": 3 }
        },
        "line": 298
      },
      "35": {
        "name": "(anonymous_35)",
        "decl": {
          "start": { "line": 308, "column": 2 },
          "end": { "line": 308, "column": 3 }
        },
        "loc": {
          "start": { "line": 308, "column": 12 },
          "end": { "line": 319, "column": 3 }
        },
        "line": 308
      }
    },
    "branchMap": {
      "0": {
        "loc": {
          "start": { "line": 20, "column": 20 },
          "end": { "line": 20, "column": 65 }
        },
        "type": "binary-expr",
        "locations": [
          {
            "start": { "line": 20, "column": 21 },
            "end": { "line": 20, "column": 28 }
          },
          {
            "start": { "line": 20, "column": 32 },
            "end": { "line": 20, "column": 52 }
          },
          {
            "start": { "line": 20, "column": 57 },
            "end": { "line": 20, "column": 65 }
          }
        ],
        "line": 20
      },
      "1": {
        "loc": {
          "start": { "line": 21, "column": 15 },
          "end": { "line": 21, "column": 41 }
        },
        "type": "binary-expr",
        "locations": [
          {
            "start": { "line": 21, "column": 15 },
            "end": { "line": 21, "column": 22 }
          },
          {
            "start": { "line": 21, "column": 26 },
            "end": { "line": 21, "column": 41 }
          }
        ],
        "line": 21
      },
      "2": {
        "loc": {
          "start": { "line": 22, "column": 16 },
          "end": { "line": 22, "column": 43 }
        },
        "type": "binary-expr",
        "locations": [
          {
            "start": { "line": 22, "column": 16 },
            "end": { "line": 22, "column": 23 }
          },
          {
            "start": { "line": 22, "column": 27 },
            "end": { "line": 22, "column": 43 }
          }
        ],
        "line": 22
      },
      "3": {
        "loc": {
          "start": { "line": 23, "column": 15 },
          "end": { "line": 23, "column": 41 }
        },
        "type": "binary-expr",
        "locations": [
          {
            "start": { "line": 23, "column": 15 },
            "end": { "line": 23, "column": 22 }
          },
          {
            "start": { "line": 23, "column": 26 },
            "end": { "line": 23, "column": 41 }
          }
        ],
        "line": 23
      },
      "4": {
        "loc": {
          "start": { "line": 59, "column": 6 },
          "end": { "line": 61, "column": 7 }
        },
        "type": "if",
        "locations": [
          {
            "start": { "line": 59, "column": 6 },
            "end": { "line": 61, "column": 7 }
          },
          { "start": {}, "end": {} }
        ],
        "line": 59
      },
      "5": {
        "loc": {
          "start": { "line": 59, "column": 10 },
          "end": { "line": 59, "column": 76 }
        },
        "type": "binary-expr",
        "locations": [
          {
            "start": { "line": 59, "column": 10 },
            "end": { "line": 59, "column": 47 }
          },
          {
            "start": { "line": 59, "column": 51 },
            "end": { "line": 59, "column": 76 }
          }
        ],
        "line": 59
      },
      "6": {
        "loc": {
          "start": { "line": 66, "column": 6 },
          "end": { "line": 68, "column": 7 }
        },
        "type": "if",
        "locations": [
          {
            "start": { "line": 66, "column": 6 },
            "end": { "line": 68, "column": 7 }
          },
          { "start": {}, "end": {} }
        ],
        "line": 66
      },
      "7": {
        "loc": {
          "start": { "line": 66, "column": 10 },
          "end": { "line": 66, "column": 76 }
        },
        "type": "binary-expr",
        "locations": [
          {
            "start": { "line": 66, "column": 10 },
            "end": { "line": 66, "column": 47 }
          },
          {
            "start": { "line": 66, "column": 51 },
            "end": { "line": 66, "column": 76 }
          }
        ],
        "line": 66
      },
      "8": {
        "loc": {
          "start": { "line": 73, "column": 6 },
          "end": { "line": 75, "column": 7 }
        },
        "type": "if",
        "locations": [
          {
            "start": { "line": 73, "column": 6 },
            "end": { "line": 75, "column": 7 }
          },
          { "start": {}, "end": {} }
        ],
        "line": 73
      },
      "9": {
        "loc": {
          "start": { "line": 106, "column": 4 },
          "end": { "line": 125, "column": 5 }
        },
        "type": "if",
        "locations": [
          {
            "start": { "line": 106, "column": 4 },
            "end": { "line": 125, "column": 5 }
          },
          {
            "start": { "line": 110, "column": 11 },
            "end": { "line": 125, "column": 5 }
          }
        ],
        "line": 106
      },
      "10": {
        "loc": {
          "start": { "line": 111, "column": 6 },
          "end": { "line": 124, "column": 7 }
        },
        "type": "if",
        "locations": [
          {
            "start": { "line": 111, "column": 6 },
            "end": { "line": 124, "column": 7 }
          },
          {
            "start": { "line": 120, "column": 13 },
            "end": { "line": 124, "column": 7 }
          }
        ],
        "line": 111
      },
      "11": {
        "loc": {
          "start": { "line": 133, "column": 4 },
          "end": { "line": 139, "column": 5 }
        },
        "type": "if",
        "locations": [
          {
            "start": { "line": 133, "column": 4 },
            "end": { "line": 139, "column": 5 }
          },
          { "start": {}, "end": {} }
        ],
        "line": 133
      },
      "12": {
        "loc": {
          "start": { "line": 167, "column": 14 },
          "end": { "line": 167, "column": 46 }
        },
        "type": "binary-expr",
        "locations": [
          {
            "start": { "line": 167, "column": 14 },
            "end": { "line": 167, "column": 21 }
          },
          {
            "start": { "line": 167, "column": 25 },
            "end": { "line": 167, "column": 46 }
          }
        ],
        "line": 167
      },
      "13": {
        "loc": {
          "start": { "line": 168, "column": 15 },
          "end": { "line": 168, "column": 49 }
        },
        "type": "binary-expr",
        "locations": [
          {
            "start": { "line": 168, "column": 15 },
            "end": { "line": 168, "column": 23 }
          },
          {
            "start": { "line": 168, "column": 27 },
            "end": { "line": 168, "column": 49 }
          }
        ],
        "line": 168
      },
      "14": {
        "loc": {
          "start": { "line": 175, "column": 12 },
          "end": { "line": 177, "column": 13 }
        },
        "type": "if",
        "locations": [
          {
            "start": { "line": 175, "column": 12 },
            "end": { "line": 177, "column": 13 }
          },
          { "start": {}, "end": {} }
        ],
        "line": 175
      },
      "15": {
        "loc": {
          "start": { "line": 196, "column": 4 },
          "end": { "line": 200, "column": 5 }
        },
        "type": "if",
        "locations": [
          {
            "start": { "line": 196, "column": 4 },
            "end": { "line": 200, "column": 5 }
          },
          { "start": {}, "end": {} }
        ],
        "line": 196
      },
      "16": {
        "loc": {
          "start": { "line": 207, "column": 4 },
          "end": { "line": 211, "column": 5 }
        },
        "type": "if",
        "locations": [
          {
            "start": { "line": 207, "column": 4 },
            "end": { "line": 211, "column": 5 }
          },
          {
            "start": { "line": 209, "column": 11 },
            "end": { "line": 211, "column": 5 }
          }
        ],
        "line": 207
      },
      "17": {
        "loc": {
          "start": { "line": 221, "column": 4 },
          "end": { "line": 226, "column": 5 }
        },
        "type": "if",
        "locations": [
          {
            "start": { "line": 221, "column": 4 },
            "end": { "line": 226, "column": 5 }
          },
          { "start": {}, "end": {} }
        ],
        "line": 221
      },
      "18": {
        "loc": {
          "start": { "line": 234, "column": 8 },
          "end": { "line": 238, "column": 9 }
        },
        "type": "if",
        "locations": [
          {
            "start": { "line": 234, "column": 8 },
            "end": { "line": 238, "column": 9 }
          },
          {
            "start": { "line": 236, "column": 15 },
            "end": { "line": 238, "column": 9 }
          }
        ],
        "line": 234
      },
      "19": {
        "loc": {
          "start": { "line": 258, "column": 15 },
          "end": { "line": 258, "column": 49 }
        },
        "type": "binary-expr",
        "locations": [
          {
            "start": { "line": 258, "column": 15 },
            "end": { "line": 258, "column": 23 }
          },
          {
            "start": { "line": 258, "column": 27 },
            "end": { "line": 258, "column": 49 }
          }
        ],
        "line": 258
      },
      "20": {
        "loc": {
          "start": { "line": 277, "column": 4 },
          "end": { "line": 279, "column": 5 }
        },
        "type": "if",
        "locations": [
          {
            "start": { "line": 277, "column": 4 },
            "end": { "line": 279, "column": 5 }
          },
          { "start": {}, "end": {} }
        ],
        "line": 277
      },
      "21": {
        "loc": {
          "start": { "line": 280, "column": 4 },
          "end": { "line": 288, "column": 5 }
        },
        "type": "if",
        "locations": [
          {
            "start": { "line": 280, "column": 4 },
            "end": { "line": 288, "column": 5 }
          },
          {
            "start": { "line": 286, "column": 11 },
            "end": { "line": 288, "column": 5 }
          }
        ],
        "line": 280
      },
      "22": {
        "loc": {
          "start": { "line": 300, "column": 4 },
          "end": { "line": 304, "column": 5 }
        },
        "type": "if",
        "locations": [
          {
            "start": { "line": 300, "column": 4 },
            "end": { "line": 304, "column": 5 }
          },
          {
            "start": { "line": 302, "column": 11 },
            "end": { "line": 304, "column": 5 }
          }
        ],
        "line": 300
      }
    },
    "s": {
      "0": 1,
      "1": 1,
      "2": 1,
      "3": 1,
      "4": 3,
      "5": 1,
      "6": 1,
      "7": 1,
      "8": 1,
      "9": 1,
      "10": 1,
      "11": 1,
      "12": 1,
      "13": 1,
      "14": 3,
      "15": 1,
      "16": 1,
      "17": 3,
      "18": 2,
      "19": 1,
      "20": 3,
      "21": 1,
      "22": 1,
      "23": 2,
      "24": 1,
      "25": 1,
      "26": 0,
      "27": 0,
      "28": 0,
      "29": 0,
      "30": 0,
      "31": 0,
      "32": 0,
      "33": 0,
      "34": 0,
      "35": 0,
      "36": 0,
      "37": 0,
      "38": 0,
      "39": 0,
      "40": 0,
      "41": 0,
      "42": 0,
      "43": 0,
      "44": 0,
      "45": 0,
      "46": 0,
      "47": 0,
      "48": 0,
      "49": 0,
      "50": 0,
      "51": 0,
      "52": 0,
      "53": 0,
      "54": 0,
      "55": 0,
      "56": 0,
      "57": 0,
      "58": 0,
      "59": 0,
      "60": 0,
      "61": 0,
      "62": 0,
      "63": 0,
      "64": 0,
      "65": 0,
      "66": 0,
      "67": 0,
      "68": 0,
      "69": 0,
      "70": 0,
      "71": 0,
      "72": 0,
      "73": 0,
      "74": 0,
      "75": 0,
      "76": 0,
      "77": 0,
      "78": 0,
      "79": 0,
      "80": 0,
      "81": 0,
      "82": 0,
      "83": 0,
      "84": 0,
      "85": 0,
      "86": 0,
      "87": 0,
      "88": 0,
      "89": 0,
      "90": 0,
      "91": 0,
      "92": 0,
      "93": 0,
      "94": 0,
      "95": 0,
      "96": 0,
      "97": 0,
      "98": 0,
      "99": 0,
      "100": 0,
      "101": 0,
      "102": 0,
      "103": 0,
      "104": 0
    },
    "f": {
      "0": 1,
      "1": 1,
      "2": 3,
      "3": 1,
      "4": 3,
      "5": 3,
      "6": 3,
      "7": 1,
      "8": 2,
      "9": 1,
      "10": 0,
      "11": 0,
      "12": 0,
      "13": 0,
      "14": 0,
      "15": 0,
      "16": 0,
      "17": 0,
      "18": 0,
      "19": 0,
      "20": 0,
      "21": 0,
      "22": 0,
      "23": 0,
      "24": 0,
      "25": 0,
      "26": 0,
      "27": 0,
      "28": 0,
      "29": 0,
      "30": 0,
      "31": 0,
      "32": 0,
      "33": 0,
      "34": 0,
      "35": 0
    },
    "b": {
      "0": [1, 1, 1],
      "1": [1, 1],
      "2": [1, 1],
      "3": [1, 1],
      "4": [1, 2],
      "5": [3, 3],
      "6": [2, 1],
      "7": [3, 3],
      "8": [1, 2],
      "9": [0, 0],
      "10": [0, 0],
      "11": [0, 0],
      "12": [0, 0],
      "13": [0, 0],
      "14": [0, 0],
      "15": [0, 0],
      "16": [0, 0],
      "17": [0, 0],
      "18": [0, 0],
      "19": [0, 0],
      "20": [0, 0],
      "21": [0, 0],
      "22": [0, 0]
    },
    "_coverageSchema": "1a1c01bbd47fc00a2c39e90264f33305004495a9",
    "hash": "6533328187ce73af1a8f4d9e17f1048aa3e42c60"
  },
  "/Users/Arno/repos/epub.js/src/utils/core.js": {
    "path": "/Users/Arno/repos/epub.js/src/utils/core.js",
    "statementMap": {
      "0": {
        "start": { "line": 13, "column": 2 },
        "end": { "line": 18, "column": 11 }
      },
      "1": {
        "start": { "line": 19, "column": 21 },
        "end": { "line": 19, "column": 22 }
      },
      "2": {
        "start": { "line": 20, "column": 18 },
        "end": { "line": 20, "column": 19 }
      },
      "3": {
        "start": { "line": 23, "column": 2 },
        "end": { "line": 27, "column": 17 }
      },
      "4": {
        "start": { "line": 36, "column": 10 },
        "end": { "line": 36, "column": 30 }
      },
      "5": {
        "start": { "line": 37, "column": 13 },
        "end": { "line": 44, "column": 3 }
      },
      "6": {
        "start": { "line": 40, "column": 14 },
        "end": { "line": 40, "column": 47 }
      },
      "7": {
        "start": { "line": 41, "column": 6 },
        "end": { "line": 41, "column": 29 }
      },
      "8": {
        "start": { "line": 42, "column": 6 },
        "end": { "line": 42, "column": 59 }
      },
      "9": {
        "start": { "line": 45, "column": 2 },
        "end": { "line": 45, "column": 14 }
      },
      "10": {
        "start": { "line": 54, "column": 2 },
        "end": { "line": 60, "column": 4 }
      },
      "11": {
        "start": { "line": 70, "column": 2 },
        "end": { "line": 70, "column": 38 }
      },
      "12": {
        "start": { "line": 79, "column": 2 },
        "end": { "line": 79, "column": 46 }
      },
      "13": {
        "start": { "line": 88, "column": 10 },
        "end": { "line": 88, "column": 23 }
      },
      "14": {
        "start": { "line": 90, "column": 2 },
        "end": { "line": 92, "column": 3 }
      },
      "15": {
        "start": { "line": 91, "column": 4 },
        "end": { "line": 91, "column": 17 }
      },
      "16": {
        "start": { "line": 94, "column": 2 },
        "end": { "line": 96, "column": 3 }
      },
      "17": {
        "start": { "line": 95, "column": 4 },
        "end": { "line": 95, "column": 16 }
      },
      "18": {
        "start": { "line": 98, "column": 2 },
        "end": { "line": 98, "column": 29 }
      },
      "19": {
        "start": { "line": 108, "column": 16 },
        "end": { "line": 108, "column": 54 }
      },
      "20": {
        "start": { "line": 109, "column": 17 },
        "end": { "line": 109, "column": 65 }
      },
      "21": {
        "start": { "line": 110, "column": 14 },
        "end": { "line": 110, "column": 38 }
      },
      "22": {
        "start": { "line": 111, "column": 15 },
        "end": { "line": 111, "column": 29 }
      },
      "23": {
        "start": { "line": 113, "column": 2 },
        "end": { "line": 118, "column": 3 }
      },
      "24": {
        "start": { "line": 117, "column": 4 },
        "end": { "line": 117, "column": 22 }
      },
      "25": {
        "start": { "line": 120, "column": 2 },
        "end": { "line": 124, "column": 3 }
      },
      "26": {
        "start": { "line": 120, "column": 15 },
        "end": { "line": 120, "column": 16 }
      },
      "27": {
        "start": { "line": 121, "column": 4 },
        "end": { "line": 123, "column": 5 }
      },
      "28": {
        "start": { "line": 122, "column": 6 },
        "end": { "line": 122, "column": 33 }
      },
      "29": {
        "start": { "line": 126, "column": 2 },
        "end": { "line": 126, "column": 20 }
      },
      "30": {
        "start": { "line": 136, "column": 2 },
        "end": { "line": 141, "column": 3 }
      },
      "31": {
        "start": { "line": 136, "column": 15 },
        "end": { "line": 136, "column": 16 }
      },
      "32": {
        "start": { "line": 136, "column": 27 },
        "end": { "line": 136, "column": 43 }
      },
      "33": {
        "start": { "line": 137, "column": 17 },
        "end": { "line": 137, "column": 29 }
      },
      "34": {
        "start": { "line": 138, "column": 4 },
        "end": { "line": 140, "column": 5 }
      },
      "35": {
        "start": { "line": 139, "column": 6 },
        "end": { "line": 139, "column": 57 }
      },
      "36": {
        "start": { "line": 139, "column": 32 },
        "end": { "line": 139, "column": 57 }
      },
      "37": {
        "start": { "line": 142, "column": 2 },
        "end": { "line": 142, "column": 13 }
      },
      "38": {
        "start": { "line": 152, "column": 16 },
        "end": { "line": 152, "column": 43 }
      },
      "39": {
        "start": { "line": 153, "column": 2 },
        "end": { "line": 162, "column": 5 }
      },
      "40": {
        "start": { "line": 154, "column": 4 },
        "end": { "line": 154, "column": 24 }
      },
      "41": {
        "start": { "line": 154, "column": 17 },
        "end": { "line": 154, "column": 24 }
      },
      "42": {
        "start": { "line": 155, "column": 4 },
        "end": { "line": 161, "column": 7 }
      },
      "43": {
        "start": { "line": 156, "column": 6 },
        "end": { "line": 160, "column": 8 }
      },
      "44": {
        "start": { "line": 163, "column": 2 },
        "end": { "line": 163, "column": 16 }
      },
      "45": {
        "start": { "line": 176, "column": 17 },
        "end": { "line": 176, "column": 57 }
      },
      "46": {
        "start": { "line": 177, "column": 2 },
        "end": { "line": 177, "column": 34 }
      },
      "47": {
        "start": { "line": 179, "column": 2 },
        "end": { "line": 179, "column": 18 }
      },
      "48": {
        "start": { "line": 193, "column": 14 },
        "end": { "line": 193, "column": 25 }
      },
      "49": {
        "start": { "line": 194, "column": 12 },
        "end": { "line": 194, "column": 32 }
      },
      "50": {
        "start": { "line": 195, "column": 14 },
        "end": { "line": 195, "column": 49 }
      },
      "51": {
        "start": { "line": 197, "column": 2 },
        "end": { "line": 203, "column": 3 }
      },
      "52": {
        "start": { "line": 198, "column": 4 },
        "end": { "line": 202, "column": 6 }
      },
      "53": {
        "start": { "line": 199, "column": 6 },
        "end": { "line": 199, "column": 26 }
      },
      "54": {
        "start": { "line": 199, "column": 17 },
        "end": { "line": 199, "column": 26 }
      },
      "55": {
        "start": { "line": 200, "column": 6 },
        "end": { "line": 200, "column": 27 }
      },
      "56": {
        "start": { "line": 200, "column": 17 },
        "end": { "line": 200, "column": 27 }
      },
      "57": {
        "start": { "line": 201, "column": 6 },
        "end": { "line": 201, "column": 27 }
      },
      "58": {
        "start": { "line": 201, "column": 18 },
        "end": { "line": 201, "column": 27 }
      },
      "59": {
        "start": { "line": 204, "column": 2 },
        "end": { "line": 206, "column": 3 }
      },
      "60": {
        "start": { "line": 205, "column": 4 },
        "end": { "line": 205, "column": 17 }
      },
      "61": {
        "start": { "line": 208, "column": 2 },
        "end": { "line": 208, "column": 49 }
      },
      "62": {
        "start": { "line": 209, "column": 2 },
        "end": { "line": 211, "column": 3 }
      },
      "63": {
        "start": { "line": 210, "column": 4 },
        "end": { "line": 210, "column": 45 }
      },
      "64": {
        "start": { "line": 212, "column": 2 },
        "end": { "line": 214, "column": 3 }
      },
      "65": {
        "start": { "line": 213, "column": 4 },
        "end": { "line": 213, "column": 17 }
      },
      "66": {
        "start": { "line": 215, "column": 2 },
        "end": { "line": 219, "column": 3 }
      },
      "67": {
        "start": { "line": 216, "column": 4 },
        "end": { "line": 216, "column": 64 }
      },
      "68": {
        "start": { "line": 218, "column": 4 },
        "end": { "line": 218, "column": 66 }
      },
      "69": {
        "start": { "line": 234, "column": 14 },
        "end": { "line": 234, "column": 25 }
      },
      "70": {
        "start": { "line": 235, "column": 12 },
        "end": { "line": 235, "column": 32 }
      },
      "71": {
        "start": { "line": 236, "column": 14 },
        "end": { "line": 236, "column": 49 }
      },
      "72": {
        "start": { "line": 238, "column": 2 },
        "end": { "line": 244, "column": 3 }
      },
      "73": {
        "start": { "line": 239, "column": 4 },
        "end": { "line": 243, "column": 6 }
      },
      "74": {
        "start": { "line": 240, "column": 6 },
        "end": { "line": 240, "column": 26 }
      },
      "75": {
        "start": { "line": 240, "column": 17 },
        "end": { "line": 240, "column": 26 }
      },
      "76": {
        "start": { "line": 241, "column": 6 },
        "end": { "line": 241, "column": 27 }
      },
      "77": {
        "start": { "line": 241, "column": 17 },
        "end": { "line": 241, "column": 27 }
      },
      "78": {
        "start": { "line": 242, "column": 6 },
        "end": { "line": 242, "column": 27 }
      },
      "79": {
        "start": { "line": 242, "column": 18 },
        "end": { "line": 242, "column": 27 }
      },
      "80": {
        "start": { "line": 245, "column": 2 },
        "end": { "line": 247, "column": 3 }
      },
      "81": {
        "start": { "line": 246, "column": 4 },
        "end": { "line": 246, "column": 14 }
      },
      "82": {
        "start": { "line": 249, "column": 2 },
        "end": { "line": 249, "column": 49 }
      },
      "83": {
        "start": { "line": 250, "column": 2 },
        "end": { "line": 252, "column": 3 }
      },
      "84": {
        "start": { "line": 251, "column": 4 },
        "end": { "line": 251, "column": 39 }
      },
      "85": {
        "start": { "line": 253, "column": 2 },
        "end": { "line": 255, "column": 3 }
      },
      "86": {
        "start": { "line": 254, "column": 4 },
        "end": { "line": 254, "column": 17 }
      },
      "87": {
        "start": { "line": 256, "column": 2 },
        "end": { "line": 260, "column": 3 }
      },
      "88": {
        "start": { "line": 257, "column": 4 },
        "end": { "line": 257, "column": 67 }
      },
      "89": {
        "start": { "line": 259, "column": 4 },
        "end": { "line": 259, "column": 69 }
      },
      "90": {
        "start": { "line": 270, "column": 14 },
        "end": { "line": 270, "column": 41 }
      },
      "91": {
        "start": { "line": 271, "column": 19 },
        "end": { "line": 279, "column": 3 }
      },
      "92": {
        "start": { "line": 280, "column": 20 },
        "end": { "line": 288, "column": 3 }
      },
      "93": {
        "start": { "line": 290, "column": 14 },
        "end": { "line": 290, "column": 15 }
      },
      "94": {
        "start": { "line": 291, "column": 15 },
        "end": { "line": 291, "column": 16 }
      },
      "95": {
        "start": { "line": 293, "column": 2 },
        "end": { "line": 295, "column": 5 }
      },
      "96": {
        "start": { "line": 294, "column": 4 },
        "end": { "line": 294, "column": 42 }
      },
      "97": {
        "start": { "line": 297, "column": 2 },
        "end": { "line": 299, "column": 5 }
      },
      "98": {
        "start": { "line": 298, "column": 4 },
        "end": { "line": 298, "column": 43 }
      },
      "99": {
        "start": { "line": 301, "column": 2 },
        "end": { "line": 304, "column": 4 }
      },
      "100": {
        "start": { "line": 315, "column": 14 },
        "end": { "line": 315, "column": 41 }
      },
      "101": {
        "start": { "line": 316, "column": 19 },
        "end": { "line": 323, "column": 3 }
      },
      "102": {
        "start": { "line": 324, "column": 20 },
        "end": { "line": 331, "column": 3 }
      },
      "103": {
        "start": { "line": 333, "column": 14 },
        "end": { "line": 333, "column": 15 }
      },
      "104": {
        "start": { "line": 334, "column": 15 },
        "end": { "line": 334, "column": 16 }
      },
      "105": {
        "start": { "line": 336, "column": 2 },
        "end": { "line": 338, "column": 5 }
      },
      "106": {
        "start": { "line": 337, "column": 4 },
        "end": { "line": 337, "column": 42 }
      },
      "107": {
        "start": { "line": 340, "column": 2 },
        "end": { "line": 342, "column": 5 }
      },
      "108": {
        "start": { "line": 341, "column": 4 },
        "end": { "line": 341, "column": 43 }
      },
      "109": {
        "start": { "line": 344, "column": 2 },
        "end": { "line": 347, "column": 4 }
      },
      "110": {
        "start": { "line": 359, "column": 12 },
        "end": { "line": 359, "column": 30 }
      },
      "111": {
        "start": { "line": 360, "column": 2 },
        "end": { "line": 366, "column": 3 }
      },
      "112": {
        "start": { "line": 361, "column": 18 },
        "end": { "line": 361, "column": 35 }
      },
      "113": {
        "start": { "line": 362, "column": 4 },
        "end": { "line": 362, "column": 37 }
      },
      "114": {
        "start": { "line": 363, "column": 4 },
        "end": { "line": 363, "column": 44 }
      },
      "115": {
        "start": { "line": 365, "column": 4 },
        "end": { "line": 365, "column": 41 }
      },
      "116": {
        "start": { "line": 367, "column": 2 },
        "end": { "line": 367, "column": 15 }
      },
      "117": {
        "start": { "line": 376, "column": 14 },
        "end": { "line": 376, "column": 31 }
      },
      "118": {
        "start": { "line": 377, "column": 15 },
        "end": { "line": 377, "column": 33 }
      },
      "119": {
        "start": { "line": 379, "column": 2 },
        "end": { "line": 386, "column": 4 }
      },
      "120": {
        "start": { "line": 397, "column": 15 },
        "end": { "line": 397, "column": 30 }
      },
      "121": {
        "start": { "line": 398, "column": 17 },
        "end": { "line": 398, "column": 34 }
      },
      "122": {
        "start": { "line": 400, "column": 14 },
        "end": { "line": 400, "column": 16 }
      },
      "123": {
        "start": { "line": 401, "column": 2 },
        "end": { "line": 407, "column": 3 }
      },
      "124": {
        "start": { "line": 401, "column": 15 },
        "end": { "line": 401, "column": 16 }
      },
      "125": {
        "start": { "line": 402, "column": 4 },
        "end": { "line": 402, "column": 22 }
      },
      "126": {
        "start": { "line": 403, "column": 4 },
        "end": { "line": 405, "column": 5 }
      },
      "127": {
        "start": { "line": 404, "column": 6 },
        "end": { "line": 404, "column": 14 }
      },
      "128": {
        "start": { "line": 406, "column": 4 },
        "end": { "line": 406, "column": 27 }
      },
      "129": {
        "start": { "line": 406, "column": 21 },
        "end": { "line": 406, "column": 27 }
      },
      "130": {
        "start": { "line": 409, "column": 2 },
        "end": { "line": 409, "column": 15 }
      },
      "131": {
        "start": { "line": 419, "column": 2 },
        "end": { "line": 419, "column": 42 }
      },
      "132": {
        "start": { "line": 429, "column": 2 },
        "end": { "line": 429, "column": 48 }
      },
      "133": {
        "start": { "line": 439, "column": 2 },
        "end": { "line": 439, "column": 49 }
      },
      "134": {
        "start": { "line": 450, "column": 2 },
        "end": { "line": 450, "column": 45 }
      },
      "135": {
        "start": { "line": 462, "column": 13 },
        "end": { "line": 462, "column": 38 }
      },
      "136": {
        "start": { "line": 464, "column": 2 },
        "end": { "line": 464, "column": 39 }
      },
      "137": {
        "start": { "line": 466, "column": 2 },
        "end": { "line": 466, "column": 17 }
      },
      "138": {
        "start": { "line": 475, "column": 2 },
        "end": { "line": 475, "column": 35 }
      },
      "139": {
        "start": { "line": 489, "column": 2 },
        "end": { "line": 492, "column": 3 }
      },
      "140": {
        "start": { "line": 491, "column": 4 },
        "end": { "line": 491, "column": 11 }
      },
      "141": {
        "start": { "line": 494, "column": 2 },
        "end": { "line": 494, "column": 23 }
      },
      "142": {
        "start": { "line": 496, "column": 2 },
        "end": { "line": 496, "column": 47 }
      },
      "143": {
        "start": { "line": 498, "column": 2 },
        "end": { "line": 498, "column": 17 }
      },
      "144": {
        "start": { "line": 508, "column": 2 },
        "end": { "line": 508, "column": 58 }
      },
      "145": {
        "start": { "line": 523, "column": 2 },
        "end": { "line": 527, "column": 3 }
      },
      "146": {
        "start": { "line": 524, "column": 4 },
        "end": { "line": 524, "column": 26 }
      },
      "147": {
        "start": { "line": 526, "column": 4 },
        "end": { "line": 526, "column": 23 }
      },
      "148": {
        "start": { "line": 531, "column": 2 },
        "end": { "line": 533, "column": 3 }
      },
      "149": {
        "start": { "line": 532, "column": 4 },
        "end": { "line": 532, "column": 29 }
      },
      "150": {
        "start": { "line": 535, "column": 2 },
        "end": { "line": 535, "column": 51 }
      },
      "151": {
        "start": { "line": 537, "column": 2 },
        "end": { "line": 537, "column": 13 }
      },
      "152": {
        "start": { "line": 549, "column": 2 },
        "end": { "line": 551, "column": 3 }
      },
      "153": {
        "start": { "line": 550, "column": 4 },
        "end": { "line": 550, "column": 43 }
      },
      "154": {
        "start": { "line": 553, "column": 2 },
        "end": { "line": 560, "column": 3 }
      },
      "155": {
        "start": { "line": 554, "column": 4 },
        "end": { "line": 554, "column": 33 }
      },
      "156": {
        "start": { "line": 556, "column": 4 },
        "end": { "line": 556, "column": 44 }
      },
      "157": {
        "start": { "line": 557, "column": 4 },
        "end": { "line": 559, "column": 5 }
      },
      "158": {
        "start": { "line": 558, "column": 6 },
        "end": { "line": 558, "column": 25 }
      },
      "159": {
        "start": { "line": 571, "column": 2 },
        "end": { "line": 575, "column": 3 }
      },
      "160": {
        "start": { "line": 572, "column": 4 },
        "end": { "line": 572, "column": 36 }
      },
      "161": {
        "start": { "line": 574, "column": 4 },
        "end": { "line": 574, "column": 40 }
      },
      "162": {
        "start": { "line": 588, "column": 2 },
        "end": { "line": 609, "column": 3 }
      },
      "163": {
        "start": { "line": 589, "column": 4 },
        "end": { "line": 589, "column": 15 }
      },
      "164": {
        "start": { "line": 590, "column": 4 },
        "end": { "line": 592, "column": 5 }
      },
      "165": {
        "start": { "line": 591, "column": 6 },
        "end": { "line": 591, "column": 46 }
      },
      "166": {
        "start": { "line": 593, "column": 4 },
        "end": { "line": 593, "column": 15 }
      },
      "167": {
        "start": { "line": 594, "column": 4 },
        "end": { "line": 594, "column": 33 }
      },
      "168": {
        "start": { "line": 596, "column": 4 },
        "end": { "line": 596, "column": 37 }
      },
      "169": {
        "start": { "line": 597, "column": 4 },
        "end": { "line": 604, "column": 7 }
      },
      "170": {
        "start": { "line": 598, "column": 6 },
        "end": { "line": 602, "column": 7 }
      },
      "171": {
        "start": { "line": 599, "column": 8 },
        "end": { "line": 601, "column": 9 }
      },
      "172": {
        "start": { "line": 600, "column": 10 },
        "end": { "line": 600, "column": 22 }
      },
      "173": {
        "start": { "line": 603, "column": 6 },
        "end": { "line": 603, "column": 19 }
      },
      "174": {
        "start": { "line": 606, "column": 4 },
        "end": { "line": 608, "column": 5 }
      },
      "175": {
        "start": { "line": 607, "column": 6 },
        "end": { "line": 607, "column": 25 }
      },
      "176": {
        "start": { "line": 619, "column": 12 },
        "end": { "line": 619, "column": 38 }
      },
      "177": {
        "start": { "line": 620, "column": 2 },
        "end": { "line": 633, "column": 3 }
      },
      "178": {
        "start": { "line": 621, "column": 4 },
        "end": { "line": 621, "column": 49 }
      },
      "179": {
        "start": { "line": 623, "column": 4 },
        "end": { "line": 632, "column": 6 }
      },
      "180": {
        "start": { "line": 626, "column": 8 },
        "end": { "line": 629, "column": 9 }
      },
      "181": {
        "start": { "line": 628, "column": 10 },
        "end": { "line": 628, "column": 21 }
      },
      "182": {
        "start": { "line": 644, "column": 19 },
        "end": { "line": 644, "column": 71 }
      },
      "183": {
        "start": { "line": 646, "column": 2 },
        "end": { "line": 648, "column": 3 }
      },
      "184": {
        "start": { "line": 647, "column": 4 },
        "end": { "line": 647, "column": 15 }
      },
      "185": {
        "start": { "line": 657, "column": 2 },
        "end": { "line": 659, "column": 3 }
      },
      "186": {
        "start": { "line": 658, "column": 4 },
        "end": { "line": 658, "column": 16 }
      },
      "187": {
        "start": { "line": 660, "column": 2 },
        "end": { "line": 660, "column": 25 }
      },
      "188": {
        "start": { "line": 661, "column": 2 },
        "end": { "line": 669, "column": 3 }
      },
      "189": {
        "start": { "line": 662, "column": 4 },
        "end": { "line": 668, "column": 19 }
      },
      "190": {
        "start": { "line": 663, "column": 19 },
        "end": { "line": 663, "column": 39 }
      },
      "191": {
        "start": { "line": 664, "column": 6 },
        "end": { "line": 666, "column": 7 }
      },
      "192": {
        "start": { "line": 665, "column": 8 },
        "end": { "line": 665, "column": 20 }
      },
      "193": {
        "start": { "line": 667, "column": 6 },
        "end": { "line": 667, "column": 30 }
      },
      "194": {
        "start": { "line": 679, "column": 2 },
        "end": { "line": 685, "column": 5 }
      },
      "195": {
        "start": { "line": 680, "column": 17 },
        "end": { "line": 680, "column": 33 }
      },
      "196": {
        "start": { "line": 681, "column": 4 },
        "end": { "line": 681, "column": 31 }
      },
      "197": {
        "start": { "line": 682, "column": 4 },
        "end": { "line": 684, "column": 6 }
      },
      "198": {
        "start": { "line": 683, "column": 6 },
        "end": { "line": 683, "column": 29 }
      },
      "199": {
        "start": { "line": 701, "column": 2 },
        "end": { "line": 701, "column": 22 }
      },
      "200": {
        "start": { "line": 710, "column": 2 },
        "end": { "line": 710, "column": 21 }
      },
      "201": {
        "start": { "line": 712, "column": 2 },
        "end": { "line": 712, "column": 19 }
      },
      "202": {
        "start": { "line": 717, "column": 2 },
        "end": { "line": 720, "column": 5 }
      },
      "203": {
        "start": { "line": 718, "column": 4 },
        "end": { "line": 718, "column": 27 }
      },
      "204": {
        "start": { "line": 719, "column": 4 },
        "end": { "line": 719, "column": 25 }
      },
      "205": {
        "start": { "line": 721, "column": 2 },
        "end": { "line": 721, "column": 22 }
      },
      "206": {
        "start": { "line": 734, "column": 2 },
        "end": { "line": 736, "column": 3 }
      },
      "207": {
        "start": { "line": 735, "column": 4 },
        "end": { "line": 735, "column": 63 }
      },
      "208": {
        "start": { "line": 738, "column": 2 },
        "end": { "line": 751, "column": 3 }
      },
      "209": {
        "start": { "line": 739, "column": 4 },
        "end": { "line": 739, "column": 31 }
      },
      "210": {
        "start": { "line": 740, "column": 4 },
        "end": { "line": 748, "column": 5 }
      },
      "211": {
        "start": { "line": 740, "column": 17 },
        "end": { "line": 740, "column": 18 }
      },
      "212": {
        "start": { "line": 741, "column": 6 },
        "end": { "line": 747, "column": 7 }
      },
      "213": {
        "start": { "line": 746, "column": 8 },
        "end": { "line": 746, "column": 24 }
      },
      "214": {
        "start": { "line": 750, "column": 4 },
        "end": { "line": 750, "column": 17 }
      },
      "215": {
        "start": { "line": 761, "column": 15 },
        "end": { "line": 761, "column": 17 }
      },
      "216": {
        "start": { "line": 762, "column": 19 },
        "end": { "line": 762, "column": 32 }
      },
      "217": {
        "start": { "line": 763, "column": 2 },
        "end": { "line": 768, "column": 3 }
      },
      "218": {
        "start": { "line": 763, "column": 15 },
        "end": { "line": 763, "column": 16 }
      },
      "219": {
        "start": { "line": 764, "column": 15 },
        "end": { "line": 764, "column": 28 }
      },
      "220": {
        "start": { "line": 765, "column": 4 },
        "end": { "line": 767, "column": 5 }
      },
      "221": {
        "start": { "line": 766, "column": 6 },
        "end": { "line": 766, "column": 24 }
      },
      "222": {
        "start": { "line": 769, "column": 2 },
        "end": { "line": 769, "column": 16 }
      },
      "223": {
        "start": { "line": 779, "column": 14 },
        "end": { "line": 779, "column": 20 }
      },
      "224": {
        "start": { "line": 780, "column": 2 },
        "end": { "line": 782, "column": 3 }
      },
      "225": {
        "start": { "line": 781, "column": 4 },
        "end": { "line": 781, "column": 24 }
      },
      "226": {
        "start": { "line": 783, "column": 2 },
        "end": { "line": 783, "column": 15 }
      },
      "227": {
        "start": { "line": 795, "column": 15 },
        "end": { "line": 795, "column": 17 }
      },
      "228": {
        "start": { "line": 796, "column": 19 },
        "end": { "line": 796, "column": 32 }
      },
      "229": {
        "start": { "line": 797, "column": 2 },
        "end": { "line": 806, "column": 3 }
      },
      "230": {
        "start": { "line": 797, "column": 15 },
        "end": { "line": 797, "column": 16 }
      },
      "231": {
        "start": { "line": 798, "column": 15 },
        "end": { "line": 798, "column": 28 }
      },
      "232": {
        "start": { "line": 799, "column": 4 },
        "end": { "line": 805, "column": 5 }
      },
      "233": {
        "start": { "line": 800, "column": 6 },
        "end": { "line": 804, "column": 7 }
      },
      "234": {
        "start": { "line": 801, "column": 8 },
        "end": { "line": 801, "column": 20 }
      },
      "235": {
        "start": { "line": 803, "column": 8 },
        "end": { "line": 803, "column": 26 }
      },
      "236": {
        "start": { "line": 807, "column": 2 },
        "end": { "line": 809, "column": 3 }
      },
      "237": {
        "start": { "line": 808, "column": 4 },
        "end": { "line": 808, "column": 18 }
      },
      "238": {
        "start": { "line": 821, "column": 2 },
        "end": { "line": 821, "column": 46 }
      },
      "239": {
        "start": { "line": 821, "column": 39 },
        "end": { "line": 821, "column": 46 }
      },
      "240": {
        "start": { "line": 822, "column": 2 },
        "end": { "line": 822, "column": 27 }
      },
      "241": {
        "start": { "line": 823, "column": 2 },
        "end": { "line": 828, "column": 3 }
      },
      "242": {
        "start": { "line": 824, "column": 4 },
        "end": { "line": 826, "column": 5 }
      },
      "243": {
        "start": { "line": 825, "column": 6 },
        "end": { "line": 825, "column": 20 }
      },
      "244": {
        "start": { "line": 827, "column": 4 },
        "end": { "line": 827, "column": 31 }
      },
      "245": {
        "start": { "line": 838, "column": 4 },
        "end": { "line": 838, "column": 27 }
      },
      "246": {
        "start": { "line": 839, "column": 4 },
        "end": { "line": 839, "column": 45 }
      },
      "247": {
        "start": { "line": 840, "column": 4 },
        "end": { "line": 840, "column": 34 }
      },
      "248": {
        "start": { "line": 841, "column": 4 },
        "end": { "line": 841, "column": 31 }
      },
      "249": {
        "start": { "line": 842, "column": 4 },
        "end": { "line": 842, "column": 36 }
      },
      "250": {
        "start": { "line": 843, "column": 4 },
        "end": { "line": 843, "column": 33 }
      },
      "251": {
        "start": { "line": 847, "column": 4 },
        "end": { "line": 847, "column": 36 }
      },
      "252": {
        "start": { "line": 848, "column": 4 },
        "end": { "line": 848, "column": 35 }
      },
      "253": {
        "start": { "line": 850, "column": 4 },
        "end": { "line": 854, "column": 5 }
      },
      "254": {
        "start": { "line": 851, "column": 6 },
        "end": { "line": 851, "column": 26 }
      },
      "255": {
        "start": { "line": 853, "column": 6 },
        "end": { "line": 853, "column": 69 }
      },
      "256": {
        "start": { "line": 856, "column": 4 },
        "end": { "line": 856, "column": 27 }
      },
      "257": {
        "start": { "line": 860, "column": 4 },
        "end": { "line": 860, "column": 32 }
      },
      "258": {
        "start": { "line": 861, "column": 4 },
        "end": { "line": 861, "column": 31 }
      },
      "259": {
        "start": { "line": 863, "column": 4 },
        "end": { "line": 868, "column": 5 }
      },
      "260": {
        "start": { "line": 864, "column": 6 },
        "end": { "line": 864, "column": 27 }
      },
      "261": {
        "start": { "line": 866, "column": 6 },
        "end": { "line": 866, "column": 29 }
      },
      "262": {
        "start": { "line": 867, "column": 6 },
        "end": { "line": 867, "column": 69 }
      },
      "263": {
        "start": { "line": 870, "column": 4 },
        "end": { "line": 870, "column": 27 }
      },
      "264": {
        "start": { "line": 874, "column": 4 },
        "end": { "line": 874, "column": 26 }
      },
      "265": {
        "start": { "line": 875, "column": 4 },
        "end": { "line": 883, "column": 5 }
      },
      "266": {
        "start": { "line": 876, "column": 6 },
        "end": { "line": 876, "column": 46 }
      },
      "267": {
        "start": { "line": 877, "column": 6 },
        "end": { "line": 877, "column": 40 }
      },
      "268": {
        "start": { "line": 878, "column": 6 },
        "end": { "line": 878, "column": 68 }
      },
      "269": {
        "start": { "line": 880, "column": 6 },
        "end": { "line": 880, "column": 46 }
      },
      "270": {
        "start": { "line": 881, "column": 6 },
        "end": { "line": 881, "column": 40 }
      },
      "271": {
        "start": { "line": 882, "column": 6 },
        "end": { "line": 882, "column": 63 }
      },
      "272": {
        "start": { "line": 887, "column": 17 },
        "end": { "line": 887, "column": 41 }
      },
      "273": {
        "start": { "line": 888, "column": 16 },
        "end": { "line": 888, "column": 78 }
      },
      "274": {
        "start": { "line": 889, "column": 4 },
        "end": { "line": 889, "column": 33 }
      },
      "275": {
        "start": { "line": 890, "column": 4 },
        "end": { "line": 890, "column": 35 }
      },
      "276": {
        "start": { "line": 895, "column": 6 },
        "end": { "line": 897, "column": 34 }
      },
      "277": {
        "start": { "line": 898, "column": 4 },
        "end": { "line": 898, "column": 36 }
      },
      "278": {
        "start": { "line": 899, "column": 4 },
        "end": { "line": 899, "column": 41 }
      },
      "279": {
        "start": { "line": 903, "column": 23 },
        "end": { "line": 903, "column": 69 }
      },
      "280": {
        "start": { "line": 904, "column": 21 },
        "end": { "line": 904, "column": 63 }
      },
      "281": {
        "start": { "line": 906, "column": 4 },
        "end": { "line": 906, "column": 59 }
      },
      "282": {
        "start": { "line": 906, "column": 42 },
        "end": { "line": 906, "column": 59 }
      },
      "283": {
        "start": { "line": 908, "column": 4 },
        "end": { "line": 912, "column": 5 }
      },
      "284": {
        "start": { "line": 908, "column": 17 },
        "end": { "line": 908, "column": 18 }
      },
      "285": {
        "start": { "line": 909, "column": 6 },
        "end": { "line": 911, "column": 7 }
      },
      "286": {
        "start": { "line": 910, "column": 8 },
        "end": { "line": 910, "column": 35 }
      },
      "287": {
        "start": { "line": 916, "column": 4 },
        "end": { "line": 923, "column": 5 }
      },
      "288": {
        "start": { "line": 920, "column": 6 },
        "end": { "line": 920, "column": 28 }
      },
      "289": {
        "start": { "line": 922, "column": 6 },
        "end": { "line": 922, "column": 29 }
      }
    },
    "fnMap": {
      "0": {
        "name": "uuid",
        "decl": {
          "start": { "line": 35, "column": 16 },
          "end": { "line": 35, "column": 20 }
        },
        "loc": {
          "start": { "line": 35, "column": 23 },
          "end": { "line": 46, "column": 1 }
        },
        "line": 35
      },
      "1": {
        "name": "(anonymous_1)",
        "decl": {
          "start": { "line": 39, "column": 4 },
          "end": { "line": 39, "column": 5 }
        },
        "loc": {
          "start": { "line": 39, "column": 17 },
          "end": { "line": 43, "column": 5 }
        },
        "line": 39
      },
      "2": {
        "name": "documentHeight",
        "decl": {
          "start": { "line": 53, "column": 16 },
          "end": { "line": 53, "column": 30 }
        },
        "loc": {
          "start": { "line": 53, "column": 33 },
          "end": { "line": 61, "column": 1 }
        },
        "line": 53
      },
      "3": {
        "name": "isElement",
        "decl": {
          "start": { "line": 69, "column": 16 },
          "end": { "line": 69, "column": 25 }
        },
        "loc": {
          "start": { "line": 69, "column": 31 },
          "end": { "line": 71, "column": 1 }
        },
        "line": 69
      },
      "4": {
        "name": "isNumber",
        "decl": {
          "start": { "line": 78, "column": 16 },
          "end": { "line": 78, "column": 24 }
        },
        "loc": {
          "start": { "line": 78, "column": 28 },
          "end": { "line": 80, "column": 1 }
        },
        "line": 78
      },
      "5": {
        "name": "isFloat",
        "decl": {
          "start": { "line": 87, "column": 16 },
          "end": { "line": 87, "column": 23 }
        },
        "loc": {
          "start": { "line": 87, "column": 27 },
          "end": { "line": 99, "column": 1 }
        },
        "line": 87
      },
      "6": {
        "name": "prefixed",
        "decl": {
          "start": { "line": 107, "column": 16 },
          "end": { "line": 107, "column": 24 }
        },
        "loc": {
          "start": { "line": 107, "column": 37 },
          "end": { "line": 127, "column": 1 }
        },
        "line": 107
      },
      "7": {
        "name": "defaults",
        "decl": {
          "start": { "line": 135, "column": 16 },
          "end": { "line": 135, "column": 24 }
        },
        "loc": {
          "start": { "line": 135, "column": 30 },
          "end": { "line": 143, "column": 1 }
        },
        "line": 135
      },
      "8": {
        "name": "extend",
        "decl": {
          "start": { "line": 151, "column": 16 },
          "end": { "line": 151, "column": 22 }
        },
        "loc": {
          "start": { "line": 151, "column": 31 },
          "end": { "line": 164, "column": 1 }
        },
        "line": 151
      },
      "9": {
        "name": "(anonymous_9)",
        "decl": {
          "start": { "line": 153, "column": 18 },
          "end": { "line": 153, "column": 19 }
        },
        "loc": {
          "start": { "line": 153, "column": 36 },
          "end": { "line": 162, "column": 3 }
        },
        "line": 153
      },
      "10": {
        "name": "(anonymous_10)",
        "decl": {
          "start": { "line": 155, "column": 47 },
          "end": { "line": 155, "column": 48 }
        },
        "loc": {
          "start": { "line": 155, "column": 67 },
          "end": { "line": 161, "column": 5 }
        },
        "line": 155
      },
      "11": {
        "name": "insert",
        "decl": {
          "start": { "line": 175, "column": 16 },
          "end": { "line": 175, "column": 22 }
        },
        "loc": {
          "start": { "line": 175, "column": 53 },
          "end": { "line": 180, "column": 1 }
        },
        "line": 175
      },
      "12": {
        "name": "locationOf",
        "decl": {
          "start": { "line": 192, "column": 16 },
          "end": { "line": 192, "column": 26 }
        },
        "loc": {
          "start": { "line": 192, "column": 71 },
          "end": { "line": 220, "column": 1 }
        },
        "line": 192
      },
      "13": {
        "name": "(anonymous_13)",
        "decl": {
          "start": { "line": 198, "column": 22 },
          "end": { "line": 198, "column": 23 }
        },
        "loc": {
          "start": { "line": 198, "column": 38 },
          "end": { "line": 202, "column": 5 }
        },
        "line": 198
      },
      "14": {
        "name": "indexOfSorted",
        "decl": {
          "start": { "line": 233, "column": 16 },
          "end": { "line": 233, "column": 29 }
        },
        "loc": {
          "start": { "line": 233, "column": 74 },
          "end": { "line": 261, "column": 1 }
        },
        "line": 233
      },
      "15": {
        "name": "(anonymous_15)",
        "decl": {
          "start": { "line": 239, "column": 22 },
[...]
        },
        "loc": {
          "start": { "line": 122, "column": 33 },
          "end": { "line": 129, "column": 3 }
        },
        "line": 122
      }
    },
    "branchMap": {
      "0": {
        "loc": {
          "start": { "line": 10, "column": 2 },
          "end": { "line": 12, "column": 3 }
        },
        "type": "if",
        "locations": [
          {
            "start": { "line": 10, "column": 2 },
            "end": { "line": 12, "column": 3 }
          },
          { "start": {}, "end": {} }
        ],
        "line": 10
      },
      "1": {
        "loc": {
          "start": { "line": 17, "column": 2 },
          "end": { "line": 20, "column": 3 }
        },
        "type": "if",
        "locations": [
          {
            "start": { "line": 17, "column": 2 },
            "end": { "line": 20, "column": 3 }
          },
          { "start": {}, "end": {} }
        ],
        "line": 17
      },
      "2": {
        "loc": {
          "start": { "line": 23, "column": 2 },
          "end": { "line": 25, "column": 3 }
        },
        "type": "if",
        "locations": [
          {
            "start": { "line": 23, "column": 2 },
            "end": { "line": 25, "column": 3 }
          },
          { "start": {}, "end": {} }
        ],
        "line": 23
      },
      "3": {
        "loc": {
          "start": { "line": 23, "column": 6 },
          "end": { "line": 23, "column": 44 }
        },
        "type": "binary-expr",
        "locations": [
          {
            "start": { "line": 23, "column": 6 },
            "end": { "line": 23, "column": 15 }
          },
          {
            "start": { "line": 23, "column": 19 },
            "end": { "line": 23, "column": 25 }
          },
          {
            "start": { "line": 23, "column": 29 },
            "end": { "line": 23, "column": 44 }
          }
        ],
        "line": 23
      },
      "4": {
        "loc": {
          "start": { "line": 35, "column": 2 },
          "end": { "line": 37, "column": 3 }
        },
        "type": "if",
        "locations": [
          {
            "start": { "line": 35, "column": 2 },
            "end": { "line": 37, "column": 3 }
          },
          { "start": {}, "end": {} }
        ],
        "line": 35
      },
      "5": {
        "loc": {
          "start": { "line": 42, "column": 2 },
          "end": { "line": 49, "column": 3 }
        },
        "type": "if",
        "locations": [
          {
            "start": { "line": 42, "column": 2 },
            "end": { "line": 49, "column": 3 }
          },
          {
            "start": { "line": 44, "column": 9 },
            "end": { "line": 49, "column": 3 }
          }
        ],
        "line": 42
      },
      "6": {
        "loc": {
          "start": { "line": 56, "column": 2 },
          "end": { "line": 58, "column": 3 }
        },
        "type": "if",
        "locations": [
          {
            "start": { "line": 56, "column": 2 },
            "end": { "line": 58, "column": 3 }
          },
          { "start": {}, "end": {} }
        ],
        "line": 56
      },
      "7": {
        "loc": {
          "start": { "line": 63, "column": 2 },
          "end": { "line": 70, "column": 3 }
        },
        "type": "if",
        "locations": [
          {
            "start": { "line": 63, "column": 2 },
            "end": { "line": 70, "column": 3 }
          },
          {
            "start": { "line": 65, "column": 9 },
            "end": { "line": 70, "column": 3 }
          }
        ],
        "line": 63
      },
      "8": {
        "loc": {
          "start": { "line": 77, "column": 2 },
          "end": { "line": 79, "column": 3 }
        },
        "type": "if",
        "locations": [
          {
            "start": { "line": 77, "column": 2 },
            "end": { "line": 79, "column": 3 }
          },
          { "start": {}, "end": {} }
        ],
        "line": 77
      },
      "9": {
        "loc": {
          "start": { "line": 82, "column": 17 },
          "end": { "line": 82, "column": 61 }
        },
        "type": "cond-expr",
        "locations": [
          {
            "start": { "line": 82, "column": 24 },
            "end": { "line": 82, "column": 49 }
          },
          {
            "start": { "line": 82, "column": 52 },
            "end": { "line": 82, "column": 61 }
          }
        ],
        "line": 82
      },
      "10": {
        "loc": {
          "start": { "line": 86, "column": 4 },
          "end": { "line": 88, "column": 5 }
        },
        "type": "if",
        "locations": [
          {
            "start": { "line": 86, "column": 4 },
            "end": { "line": 88, "column": 5 }
          },
          { "start": {}, "end": {} }
        ],
        "line": 86
      },
      "11": {
        "loc": {
          "start": { "line": 92, "column": 4 },
          "end": { "line": 113, "column": 5 }
        },
        "type": "if",
        "locations": [
          {
            "start": { "line": 92, "column": 4 },
            "end": { "line": 113, "column": 5 }
          },
          {
            "start": { "line": 94, "column": 11 },
            "end": { "line": 113, "column": 5 }
          }
        ],
        "line": 92
      },
      "12": {
        "loc": {
          "start": { "line": 103, "column": 8 },
          "end": { "line": 109, "column": 9 }
        },
        "type": "if",
        "locations": [
          {
            "start": { "line": 103, "column": 8 },
            "end": { "line": 109, "column": 9 }
          },
          {
            "start": { "line": 105, "column": 15 },
            "end": { "line": 109, "column": 9 }
          }
        ],
        "line": 103
      },
      "13": {
        "loc": {
          "start": { "line": 103, "column": 12 },
          "end": { "line": 103, "column": 35 }
        },
        "type": "binary-expr",
        "locations": [
          {
            "start": { "line": 103, "column": 12 },
            "end": { "line": 103, "column": 19 }
          },
          {
            "start": { "line": 103, "column": 23 },
            "end": { "line": 103, "column": 35 }
          }
        ],
        "line": 103
      },
      "14": {
        "loc": {
          "start": { "line": 105, "column": 15 },
          "end": { "line": 109, "column": 9 }
        },
        "type": "if",
        "locations": [
          {
            "start": { "line": 105, "column": 15 },
            "end": { "line": 109, "column": 9 }
          },
          {
            "start": { "line": 107, "column": 15 },
            "end": { "line": 109, "column": 9 }
          }
        ],
        "line": 105
      },
      "15": {
        "loc": {
          "start": { "line": 123, "column": 4 },
          "end": { "line": 128, "column": 5 }
        },
        "type": "if",
        "locations": [
          {
            "start": { "line": 123, "column": 4 },
            "end": { "line": 128, "column": 5 }
          },
          { "start": {}, "end": {} }
        ],
        "line": 123
      },
      "16": {
        "loc": {
          "start": { "line": 123, "column": 8 },
          "end": { "line": 123, "column": 30 }
        },
        "type": "binary-expr",
        "locations": [
          {
            "start": { "line": 123, "column": 8 },
            "end": { "line": 123, "column": 11 }
          },
          {
            "start": { "line": 123, "column": 15 },
            "end": { "line": 123, "column": 30 }
          }
        ],
        "line": 123
      }
    },
    "s": {
      "0": 0,
      "1": 0,
      "2": 0,
      "3": 0,
      "4": 0,
      "5": 0,
      "6": 0,
      "7": 0,
      "8": 0,
      "9": 0,
      "10": 0,
      "11": 0,
      "12": 0,
      "13": 0,
      "14": 0,
      "15": 0,
      "16": 0,
      "17": 0,
      "18": 0,
      "19": 0,
      "20": 0,
      "21": 0,
      "22": 0,
      "23": 0,
      "24": 0,
      "25": 0,
      "26": 0,
      "27": 0,
      "28": 0,
      "29": 0,
      "30": 0,
      "31": 0,
      "32": 0,
      "33": 0,
      "34": 0,
      "35": 0,
      "36": 0,
      "37": 0,
      "38": 0,
      "39": 0,
      "40": 0,
      "41": 0,
      "42": 0,
      "43": 0,
      "44": 0,
      "45": 0,
      "46": 0,
      "47": 0,
      "48": 0,
      "49": 0,
      "50": 0,
      "51": 0,
      "52": 0,
      "53": 0,
      "54": 0,
      "55": 0,
      "56": 0,
      "57": 0,
      "58": 0,
      "59": 0,
      "60": 0,
      "61": 0,
      "62": 0
    },
    "f": { "0": 0, "1": 0, "2": 0, "3": 0, "4": 0, "5": 0, "6": 0, "7": 0 },
    "b": {
      "0": [0, 0],
      "1": [0, 0],
      "2": [0, 0],
      "3": [0, 0, 0],
      "4": [0, 0],
      "5": [0, 0],
      "6": [0, 0],
      "7": [0, 0],
      "8": [0, 0],
      "9": [0, 0],
      "10": [0, 0],
      "11": [0, 0],
      "12": [0, 0],
      "13": [0, 0],
      "14": [0, 0],
      "15": [0, 0],
      "16": [0, 0]
    },
    "_coverageSchema": "1a1c01bbd47fc00a2c39e90264f33305004495a9",
    "hash": "7edb9ac8149925de38bfb32eff4ec2ea7dc23585"
  },
  "/Users/Arno/repos/epub.js/src/utils/url.js": {
    "path": "/Users/Arno/repos/epub.js/src/utils/url.js",
    "statementMap": {
      "0": {
        "start": { "line": 12, "column": 19 },
        "end": { "line": 12, "column": 48 }
      },
      "1": {
        "start": { "line": 13, "column": 19 },
        "end": { "line": 13, "column": 28 }
      },
      "2": {
        "start": { "line": 16, "column": 4 },
        "end": { "line": 16, "column": 25 }
      },
      "3": {
        "start": { "line": 17, "column": 4 },
        "end": { "line": 17, "column": 26 }
      },
      "4": {
        "start": { "line": 18, "column": 4 },
        "end": { "line": 18, "column": 23 }
      },
      "5": {
        "start": { "line": 19, "column": 4 },
        "end": { "line": 19, "column": 21 }
      },
      "6": {
        "start": { "line": 20, "column": 4 },
        "end": { "line": 20, "column": 19 }
      },
      "7": {
        "start": { "line": 21, "column": 4 },
        "end": { "line": 21, "column": 19 }
      },
      "8": {
        "start": { "line": 22, "column": 4 },
        "end": { "line": 22, "column": 21 }
      },
      "9": {
        "start": { "line": 23, "column": 4 },
        "end": { "line": 23, "column": 27 }
      },
      "10": {
        "start": { "line": 25, "column": 4 },
        "end": { "line": 33, "column": 5 }
      },
      "11": {
        "start": { "line": 32, "column": 6 },
        "end": { "line": 32, "column": 39 }
      },
      "12": {
        "start": { "line": 36, "column": 4 },
        "end": { "line": 61, "column": 5 }
      },
      "13": {
        "start": { "line": 37, "column": 6 },
        "end": { "line": 60, "column": 7 }
      },
      "14": {
        "start": { "line": 38, "column": 8 },
        "end": { "line": 43, "column": 9 }
      },
      "15": {
        "start": { "line": 40, "column": 10 },
        "end": { "line": 40, "column": 51 }
      },
      "16": {
        "start": { "line": 42, "column": 10 },
        "end": { "line": 42, "column": 40 }
      },
      "17": {
        "start": { "line": 44, "column": 8 },
        "end": { "line": 44, "column": 34 }
      },
      "18": {
        "start": { "line": 46, "column": 8 },
        "end": { "line": 46, "column": 42 }
      },
      "19": {
        "start": { "line": 47, "column": 8 },
        "end": { "line": 47, "column": 38 }
      },
      "20": {
        "start": { "line": 48, "column": 8 },
        "end": { "line": 48, "column": 34 }
      },
      "21": {
        "start": { "line": 49, "column": 8 },
        "end": { "line": 49, "column": 38 }
      },
      "22": {
        "start": { "line": 51, "column": 8 },
        "end": { "line": 51, "column": 80 }
      },
      "23": {
        "start": { "line": 54, "column": 8 },
        "end": { "line": 54, "column": 29 }
      },
      "24": {
        "start": { "line": 56, "column": 8 },
        "end": { "line": 59, "column": 9 }
      },
      "25": {
        "start": { "line": 57, "column": 10 },
        "end": { "line": 57, "column": 41 }
      },
      "26": {
        "start": { "line": 58, "column": 10 },
        "end": { "line": 58, "column": 48 }
      },
      "27": {
        "start": { "line": 63, "column": 4 },
        "end": { "line": 63, "column": 35 }
      },
      "28": {
        "start": { "line": 65, "column": 4 },
        "end": { "line": 65, "column": 41 }
      },
      "29": {
        "start": { "line": 66, "column": 4 },
        "end": { "line": 66, "column": 39 }
      },
      "30": {
        "start": { "line": 67, "column": 4 },
        "end": { "line": 67, "column": 41 }
      },
      "31": {
        "start": { "line": 74, "column": 4 },
        "end": { "line": 74, "column": 21 }
      },
      "32": {
        "start": { "line": 83, "column": 21 },
        "end": { "line": 83, "column": 45 }
      },
      "33": {
        "start": { "line": 86, "column": 4 },
        "end": { "line": 88, "column": 5 }
      },
      "34": {
        "start": { "line": 87, "column": 6 },
        "end": { "line": 87, "column": 18 }
      },
      "35": {
        "start": { "line": 90, "column": 4 },
        "end": { "line": 90, "column": 50 }
      },
      "36": {
        "start": { "line": 91, "column": 4 },
        "end": { "line": 91, "column": 34 }
      },
      "37": {
        "start": { "line": 100, "column": 4 },
        "end": { "line": 100, "column": 47 }
      },
      "38": {
        "start": { "line": 107, "column": 4 },
        "end": { "line": 107, "column": 21 }
      }
    },
    "fnMap": {
      "0": {
        "name": "(anonymous_0)",
        "decl": {
          "start": { "line": 11, "column": 2 },
          "end": { "line": 11, "column": 3 }
        },
        "loc": {
          "start": { "line": 11, "column": 37 },
          "end": { "line": 68, "column": 3 }
        },
        "line": 11
      },
      "1": {
        "name": "(anonymous_1)",
        "decl": {
          "start": { "line": 73, "column": 2 },
          "end": { "line": 73, "column": 3 }
        },
        "loc": {
          "start": { "line": 73, "column": 9 },
          "end": { "line": 75, "column": 3 }
        },
        "line": 73
      },
      "2": {
        "name": "(anonymous_2)",
        "decl": {
          "start": { "line": 82, "column": 2 },
          "end": { "line": 82, "column": 3 }
        },
        "loc": {
          "start": { "line": 82, "column": 16 },
          "end": { "line": 92, "column": 3 }
        },
        "line": 82
      },
      "3": {
        "name": "(anonymous_3)",
        "decl": {
          "start": { "line": 99, "column": 2 },
          "end": { "line": 99, "column": 3 }
        },
        "loc": {
          "start": { "line": 99, "column": 17 },
          "end": { "line": 101, "column": 3 }
        },
        "line": 99
      },
      "4": {
        "name": "(anonymous_4)",
        "decl": {
          "start": { "line": 106, "column": 2 },
          "end": { "line": 106, "column": 3 }
        },
        "loc": {
          "start": { "line": 106, "column": 13 },
          "end": { "line": 108, "column": 3 }
        },
        "line": 106
      }
    },
    "branchMap": {
      "0": {
        "loc": {
          "start": { "line": 25, "column": 4 },
          "end": { "line": 33, "column": 5 }
        },
        "type": "if",
        "locations": [
          {
            "start": { "line": 25, "column": 4 },
            "end": { "line": 33, "column": 5 }
          },
          { "start": {}, "end": {} }
        ],
        "line": 25
      },
      "1": {
        "loc": {
          "start": { "line": 26, "column": 6 },
          "end": { "line": 30, "column": 21 }
        },
        "type": "binary-expr",
        "locations": [
          {
            "start": { "line": 26, "column": 6 },
            "end": { "line": 26, "column": 15 }
          },
          {
            "start": { "line": 27, "column": 6 },
            "end": { "line": 27, "column": 26 }
          },
          {
            "start": { "line": 28, "column": 6 },
            "end": { "line": 28, "column": 36 }
          },
          {
            "start": { "line": 29, "column": 6 },
            "end": { "line": 29, "column": 12 }
          },
          {
            "start": { "line": 30, "column": 6 },
            "end": { "line": 30, "column": 21 }
          }
        ],
        "line": 26
      },
      "2": {
        "loc": {
          "start": { "line": 36, "column": 4 },
          "end": { "line": 61, "column": 5 }
        },
        "type": "if",
        "locations": [
          {
            "start": { "line": 36, "column": 4 },
            "end": { "line": 61, "column": 5 }
          },
          { "start": {}, "end": {} }
        ],
        "line": 36
      },
      "3": {
        "loc": {
          "start": { "line": 36, "column": 8 },
          "end": { "line": 36, "column": 29 }
        },
        "type": "binary-expr",
        "locations": [
          {
            "start": { "line": 36, "column": 8 },
            "end": { "line": 36, "column": 16 }
          },
          {
            "start": { "line": 36, "column": 20 },
            "end": { "line": 36, "column": 29 }
          }
        ],
        "line": 36
      },
      "4": {
        "loc": {
          "start": { "line": 38, "column": 8 },
          "end": { "line": 43, "column": 9 }
        },
        "type": "if",
        "locations": [
          {
            "start": { "line": 38, "column": 8 },
            "end": { "line": 43, "column": 9 }
          },
          {
            "start": { "line": 41, "column": 15 },
            "end": { "line": 43, "column": 9 }
          }
        ],
        "line": 38
      },
      "5": {
        "loc": {
          "start": { "line": 51, "column": 40 },
          "end": { "line": 51, "column": 78 }
        },
        "type": "cond-expr",
        "locations": [
          {
            "start": { "line": 51, "column": 58 },
            "end": { "line": 51, "column": 73 }
          },
          {
            "start": { "line": 51, "column": 76 },
            "end": { "line": 51, "column": 78 }
          }
        ],
        "line": 51
      },
      "6": {
        "loc": {
          "start": { "line": 56, "column": 8 },
          "end": { "line": 59, "column": 9 }
        },
        "type": "if",
        "locations": [
          {
            "start": { "line": 56, "column": 8 },
            "end": { "line": 59, "column": 9 }
          },
          { "start": {}, "end": {} }
        ],
        "line": 56
      },
      "7": {
        "loc": {
          "start": { "line": 86, "column": 4 },
          "end": { "line": 88, "column": 5 }
        },
        "type": "if",
        "locations": [
          {
            "start": { "line": 86, "column": 4 },
            "end": { "line": 88, "column": 5 }
          },
          { "start": {}, "end": {} }
        ],
        "line": 86
      }
    },
    "s": {
      "0": 1,
      "1": 1,
      "2": 1,
      "3": 1,
      "4": 1,
      "5": 1,
      "6": 1,
      "7": 1,
      "8": 1,
      "9": 1,
      "10": 1,
      "11": 0,
      "12": 1,
      "13": 1,
      "14": 1,
      "15": 0,
      "16": 1,
      "17": 1,
      "18": 1,
      "19": 1,
      "20": 1,
      "21": 1,
      "22": 1,
      "23": 0,
      "24": 0,
      "25": 0,
      "26": 0,
      "27": 1,
      "28": 1,
      "29": 1,
      "30": 1,
      "31": 0,
      "32": 1,
      "33": 1,
      "34": 0,
      "35": 1,
      "36": 1,
      "37": 1,
      "38": 0
    },
    "f": { "0": 1, "1": 0, "2": 1, "3": 1, "4": 0 },
    "b": {
      "0": [0, 1],
      "1": [1, 0, 0, 0, 0],
      "2": [1, 0],
      "3": [1, 0],
      "4": [0, 1],
      "5": [0, 1],
      "6": [0, 0],
      "7": [0, 1]
    },
    "_coverageSchema": "1a1c01bbd47fc00a2c39e90264f33305004495a9",
    "hash": "a3e708564846978af5d7b423009768bf266eff8f"
  }
}
